<?xml version="1.0" encoding="UTF-8"?>
<testng-results ignored="0" total="2" passed="2" failed="0" skipped="0">
  <reporter-output>
  </reporter-output>
  <suite started-at="2021-10-26T17:35:58 IST" name="Default suite" finished-at="2021-10-26T17:56:18 IST" duration-ms="1220200">
    <groups>
    </groups>
    <test started-at="2021-10-26T17:35:58 IST" name="Default test" finished-at="2021-10-26T17:56:18 IST" duration-ms="1220200">
      <class name="TestNGBlogs">
        <test-method is-config="true" signature="setUPTest()[pri:0, instance:TestNGBlogs@6a03bcb1]" started-at="2021-10-26T17:35:58 IST" name="setUPTest" finished-at="2021-10-26T17:36:18 IST" duration-ms="20484" status="PASS">
          <reporter-output>
          </reporter-output>
        </test-method> <!-- setUPTest -->
        <test-method signature="homeTest()[pri:0, instance:TestNGBlogs@6a03bcb1]" started-at="2021-10-26T17:36:18 IST" name="homeTest" finished-at="2021-10-26T17:45:33 IST" duration-ms="554968" status="PASS">
          <reporter-output>
          </reporter-output>
        </test-method> <!-- homeTest -->
        <test-method signature="mainTest()[pri:0, instance:TestNGBlogs@6a03bcb1]" started-at="2021-10-26T17:45:33 IST" name="mainTest" finished-at="2021-10-26T17:56:16 IST" depends-on-methods="TestNGBlogs.homeTest" duration-ms="642887" status="PASS">
          <reporter-output>
          </reporter-output>
        </test-method> <!-- mainTest -->
        <test-method is-config="true" signature="tearTest()[pri:0, instance:TestNGBlogs@6a03bcb1]" started-at="2021-10-26T17:56:16 IST" name="tearTest" finished-at="2021-10-26T17:56:18 IST" duration-ms="1791" status="PASS">
          <reporter-output>
          </reporter-output>
        </test-method> <!-- tearTest -->
      </class> <!-- TestNGBlogs -->
    </test> <!-- Default test -->
  </suite> <!-- Default suite -->
</testng-results>
